<?xml version="1.0" encoding="UTF-8"?>
<!-- Generated by org.testng.reporters.JUnitXMLReporter -->
<testsuite ignored="0" hostname="Nazars-MacBook-Pro.local" failures="0" tests="2" name="Mobile iPhone" time="0.003" errors="0" timestamp="2022-11-14T13:51:29 WIB">
  <testcase classname="Gokomodo.FE.Mobile.Buyer.controllers.MobileBuyerBaseMethod" name="@BeforeSuite beforeSuite" time="0.0">
    <failure type="java.lang.IllegalStateException" message="The driver executable must exist: /usr/local/bin/node">
      <![CDATA[java.lang.IllegalStateException: The driver executable must exist: /usr/local/bin/node
at org.openqa.selenium.internal.Require$FileStateChecker.isFile(Require.java:342)
at org.openqa.selenium.remote.service.DriverService.checkExecutable(DriverService.java:147)
at org.openqa.selenium.remote.service.DriverService$Builder.usingDriverExecutable(DriverService.java:350)
at io.appium.java_client.service.local.AppiumServiceBuilder.usingDriverExecutable(AppiumServiceBuilder.java:415)
at Gokomodo.FE.Mobile.Buyer.controllers.MobileBuyerBaseMethod.getAppiumService(MobileBuyerBaseMethod.java:149)
at Gokomodo.FE.Mobile.Buyer.controllers.MobileBuyerBaseMethod.beforeSuite(MobileBuyerBaseMethod.java:63)
... Removed 22 stack frames]]>
    </failure>
  </testcase> <!-- @BeforeSuite beforeSuite -->
  <testcase classname="Gokomodo.FE.Mobile.Seller.controllers.MobileSellerBaseMethod" name="@BeforeSuite beforeSuite" time="-1.668408689099E9">
    <skipped/>
  </testcase> <!-- @BeforeSuite beforeSuite -->
  <testcase classname="Gokomodo.FE.Mobile.Buyer.controllers.MobileBuyerBaseMethod" name="@BeforeClass beforeClass" time="-1.668408689104E9">
    <skipped/>
  </testcase> <!-- @BeforeClass beforeClass -->
  <testcase classname="Gokomodo.FE.Mobile.Buyer.controllers.MobileBuyerBaseMethod" name="@AfterClass afterClass" time="-1.668408689106E9">
    <skipped/>
  </testcase> <!-- @AfterClass afterClass -->
  <testcase classname="Gokomodo.FE.Mobile.Seller.controllers.MobileSellerBaseMethod" name="@BeforeClass beforeClass" time="-1.668408689106E9">
    <skipped/>
  </testcase> <!-- @BeforeClass beforeClass -->
  <testcase classname="Gokomodo.FE.Mobile.Seller.controllers.MobileSellerBaseMethod" name="@AfterClass afterClass" time="-1.668408689107E9">
    <skipped/>
  </testcase> <!-- @AfterClass afterClass -->
  <testcase classname="Gokomodo.FE.Mobile.LoginManager.Buyer.tests.MobileLoginBuyer" name="mobileBuyerLogin" time="0.0">
    <skipped/>
  </testcase> <!-- mobileBuyerLogin -->
  <testcase classname="Gokomodo.FE.Mobile.LoginManager.Seller.tests.MobileLoginSeller" name="mobileSellerLogin" time="0.0">
    <skipped/>
  </testcase> <!-- mobileSellerLogin -->
</testsuite> <!-- Mobile iPhone -->
