<?xml version="1.0" encoding="UTF-8"?>
<!-- Generated by org.testng.reporters.JUnitXMLReporter -->
<testsuite ignored="0" hostname="Nazars-MacBook-Pro.local" failures="0" tests="3" name="Mobile iPhone" time="0.005" errors="0" timestamp="2022-11-14T13:51:29 WIB">
  <testcase classname="Gokomodo.FE.MobileWeb.Admin.controllers.MobileWebAdminBaseMethod" name="@BeforeSuite beforeSuite" time="0.003">
    <failure type="java.lang.IllegalStateException" message="The driver executable must exist: /usr/local/bin/node">
      <![CDATA[java.lang.IllegalStateException: The driver executable must exist: /usr/local/bin/node
at org.openqa.selenium.internal.Require$FileStateChecker.isFile(Require.java:342)
at org.openqa.selenium.remote.service.DriverService.checkExecutable(DriverService.java:147)
at org.openqa.selenium.remote.service.DriverService$Builder.usingDriverExecutable(DriverService.java:350)
at io.appium.java_client.service.local.AppiumServiceBuilder.usingDriverExecutable(AppiumServiceBuilder.java:415)
at Gokomodo.FE.MobileWeb.Admin.controllers.MobileWebAdminBaseMethod.getAppiumService(MobileWebAdminBaseMethod.java:125)
at Gokomodo.FE.MobileWeb.Admin.controllers.MobileWebAdminBaseMethod.beforeSuite(MobileWebAdminBaseMethod.java:51)
... Removed 22 stack frames]]>
    </failure>
  </testcase> <!-- @BeforeSuite beforeSuite -->
  <testcase classname="Gokomodo.FE.MobileWeb.Buyer.controllers.MobileWebBuyerBaseMethod" name="@BeforeSuite beforeSuite" time="-1.668408689076E9">
    <skipped/>
  </testcase> <!-- @BeforeSuite beforeSuite -->
  <testcase classname="Gokomodo.FE.MobileWeb.Seller.controllers.MobileWebSellerBaseMethod" name="@BeforeSuite beforeSuite" time="-1.668408689076E9">
    <skipped/>
  </testcase> <!-- @BeforeSuite beforeSuite -->
  <testcase classname="Gokomodo.FE.MobileWeb.Admin.controllers.MobileWebAdminBaseMethod" name="@BeforeClass beforeClass" time="-1.668408689087E9">
    <skipped/>
  </testcase> <!-- @BeforeClass beforeClass -->
  <testcase classname="Gokomodo.FE.MobileWeb.Admin.controllers.MobileWebAdminBaseMethod" name="@AfterClass afterClass" time="-1.668408689088E9">
    <skipped/>
  </testcase> <!-- @AfterClass afterClass -->
  <testcase classname="Gokomodo.FE.MobileWeb.Buyer.controllers.MobileWebBuyerBaseMethod" name="@BeforeClass beforeClass" time="-1.668408689089E9">
    <skipped/>
  </testcase> <!-- @BeforeClass beforeClass -->
  <testcase classname="Gokomodo.FE.MobileWeb.Buyer.controllers.MobileWebBuyerBaseMethod" name="@AfterClass afterClass" time="-1.66840868909E9">
    <skipped/>
  </testcase> <!-- @AfterClass afterClass -->
  <testcase classname="Gokomodo.FE.MobileWeb.Seller.controllers.MobileWebSellerBaseMethod" name="@BeforeClass beforeClass" time="-1.66840868909E9">
    <skipped/>
  </testcase> <!-- @BeforeClass beforeClass -->
  <testcase classname="Gokomodo.FE.MobileWeb.Seller.controllers.MobileWebSellerBaseMethod" name="@AfterClass afterClass" time="-1.668408689091E9">
    <skipped/>
  </testcase> <!-- @AfterClass afterClass -->
  <testcase classname="Gokomodo.FE.MobileWeb.LoginManager.Admin.tests.MobileWebLoginAdmin" name="mobileWebAdminLogin" time="0.0">
    <skipped/>
  </testcase> <!-- mobileWebAdminLogin -->
  <testcase classname="Gokomodo.FE.MobileWeb.LoginManager.Buyer.tests.MobileWebLoginBuyer" name="validUserName" time="0.0">
    <skipped/>
  </testcase> <!-- validUserName -->
  <testcase classname="Gokomodo.FE.MobileWeb.LoginManager.Seller.tests.MobileWebLoginSeller" name="validUserName" time="0.0">
    <skipped/>
  </testcase> <!-- validUserName -->
</testsuite> <!-- Mobile iPhone -->
