<?xml version="1.0" encoding="UTF-8"?>
<!-- Generated by org.testng.reporters.JUnitXMLReporter -->
<testsuite ignored="2" hostname="Nazars-MacBook-Pro.local" failures="0" tests="8" name="TestBuyerGokomodo" time="63.253" errors="0" timestamp="2022-11-14T13:51:29 WIB">
  <testcase classname="Gokomodo.FE.Web.LoginManager.Seller.tests.LoginSeller" name="TestloginSeller" time="1.871"/>
  <testcase classname="Gokomodo.FE.Web.LoginManager.Seller.tests.LoginSeller" name="TestloginSeller2" time="1.496"/>
  <testcase classname="Gokomodo.FE.Web.LoginManager.Buyer.tests.LoginBuyer" name="Testloginbuyer" time="1.541"/>
  <testcase classname="Gokomodo.FE.Web.LoginManager.Buyer.tests.LoginBuyer" name="Testloginbuyer1" time="1.554"/>
  <testcase classname="Gokomodo.FE.Web.LoginManager.Buyer.tests.LoginBuyer" name="Testloginbuyer2" time="1.561"/>
  <testcase classname="Gokomodo.FE.Web.Buyer.tests.ForgotPassword" name="TestForgetPassbuyer" time="2.325"/>
  <testcase classname="Gokomodo.FE.Web.LoginManager.Admin.tests.LoginAdmin" name="TestloginAdmin" time="1.634"/>
  <testcase classname="Gokomodo.FE.Web.LoginManager.Admin.tests.LoginAdmin" name="TestloginAdmin2" time="1.574"/>
  <testcase classname="Gokomodo.FE.Web.Buyer.controllers.BuyerWebDriverFactory" name="@BeforeTest suiteSetup" time="0.0">
    <ignored/>
  </testcase> <!-- @BeforeTest suiteSetup -->
  <testcase classname="Gokomodo.FE.Web.Buyer.controllers.BuyerBaseMethod" name="@AfterTest beforeSuite" time="0.0">
    <ignored/>
  </testcase> <!-- @AfterTest beforeSuite -->
</testsuite> <!-- TestBuyerGokomodo -->
